<?xml version="1.0" encoding="UTF-8"?>
<testsuite xmlns:xsi="http://www.w3.org/2001/XMLSchema-instance" xsi:noNamespaceSchemaLocation="https://maven.apache.org/surefire/maven-surefire-plugin/xsd/surefire-test-report-3.0.xsd" version="3.0" name="com.example.usmobile.Us.Mobile.Assignment.controller.DailyUsageControllerTest" time="0.077" tests="7" errors="0" skipped="0" failures="0">
  <properties>
[...]
</properties>
  <testcase name="testUpdateDailyUsage_InvalidId" classname="com.example.usmobile.Us.Mobile.Assignment.controller.DailyUsageControllerTest" time="0.066"/>
  <testcase name="testUpdateDailyUsage_Valid" classname="com.example.usmobile.Us.Mobile.Assignment.controller.DailyUsageControllerTest" time="0.002"/>
  <testcase name="testCreateDailyUsage_DailyUsageServiceException" classname="com.example.usmobile.Us.Mobile.Assignment.controller.DailyUsageControllerTest" time="0.001"/>
  <testcase name="testCreateDailyUsage_UserServiceException" classname="com.example.usmobile.Us.Mobile.Assignment.controller.DailyUsageControllerTest" time="0.002"/>
  <testcase name="testCreateDailyUsage_Valid" classname="com.example.usmobile.Us.Mobile.Assignment.controller.DailyUsageControllerTest" time="0.001"/>
  <testcase name="testUpdateDailyUsage_DailyUsageServiceException" classname="com.example.usmobile.Us.Mobile.Assignment.controller.DailyUsageControllerTest" time="0.001"/>
  <testcase name="testCreateDailyUsage_InvalidUserId" classname="com.example.usmobile.Us.Mobile.Assignment.controller.DailyUsageControllerTest" time="0.001"/>
</testsuite>